Drill report for cheap-wled-controller.kicad_pcb
Created on 2025-03-24T19:57:08+0100

Copper Layer Stackup:
    =============================================================
    L1 :  F.Cu                      front
    L2 :  B.Cu                      back


Drill file 'cheap-wled-controller-PTH.drl' contains
    plated through holes:
    =============================================================
    T1  0.300mm  0.0118"  (114 holes)
    T2  0.700mm  0.0276"  (2 holes)
    T3  0.700mm  0.0276"  (4 holes)
    T4  0.750mm  0.0295"  (4 holes)
    T5  0.800mm  0.0315"  (4 holes)  (with 4 slots)
    T6  0.800mm  0.0315"  (10 holes)
    T7  1.000mm  0.0394"  (3 holes)
    T8  1.000mm  0.0394"  (12 holes)
    T9  1.400mm  0.0551"  (5 holes)

    Total plated holes count 158


Drill file 'cheap-wled-controller-NPTH.drl' contains
    unplated through holes:
    =============================================================
    T1  3.200mm  0.1260"  (2 holes)

    Total unplated holes count 2
